<?xml version="1.0" encoding="UTF-8"?>
<kml xmlns="http://www.opengis.net/kml/2.2">
  <Document>
    <name>TEST1</name>
    <description/>
    <Style id="icon-seq2-0-0-000000-nodesc-normal">
      <IconStyle>
        <color>ff000000</color>
        <scale>1</scale>
        <Icon>
          <href>images/icon-1.png</href>
        </Icon>
      </IconStyle>
      <LabelStyle>
        <scale>0</scale>
      </LabelStyle>
      <BalloonStyle>
        <text><![CDATA[<h3>$[name]</h3>]]></text>
      </BalloonStyle>
    </Style>
    <Style id="icon-seq2-0-0-000000-nodesc-highlight">
      <IconStyle>
        <color>ff000000</color>
        <scale>1</scale>
        <Icon>
          <href>images/icon-1.png</href>
        </Icon>
      </IconStyle>
      <LabelStyle>
        <scale>1</scale>
      </LabelStyle>
      <BalloonStyle>
        <text><![CDATA[<h3>$[name]</h3>]]></text>
      </BalloonStyle>
    </Style>
    <StyleMap id="icon-seq2-0-0-000000-nodesc">
      <Pair>
        <key>normal</key>
        <styleUrl>#icon-seq2-0-0-000000-nodesc-normal</styleUrl>
      </Pair>
      <Pair>
        <key>highlight</key>
        <styleUrl>#icon-seq2-0-0-000000-nodesc-highlight</styleUrl>
      </Pair>
    </StyleMap>
    <Style id="line-000000-1200-nodesc-normal">
      <LineStyle>
        <color>ff000000</color>
        <width>1.2</width>
      </LineStyle>
      <BalloonStyle>
        <text><![CDATA[<h3>$[name]</h3>]]></text>
      </BalloonStyle>
    </Style>
    <Style id="line-000000-1200-nodesc-highlight">
      <LineStyle>
        <color>ff000000</color>
        <width>1.8</width>
      </LineStyle>
      <BalloonStyle>
        <text><![CDATA[<h3>$[name]</h3>]]></text>
      </BalloonStyle>
    </Style>
    <StyleMap id="line-000000-1200-nodesc">
      <Pair>
        <key>normal</key>
        <styleUrl>#line-000000-1200-nodesc-normal</styleUrl>
      </Pair>
      <Pair>
        <key>highlight</key>
        <styleUrl>#line-000000-1200-nodesc-highlight</styleUrl>
      </Pair>
    </StyleMap>
    <Folder>
      <name>Lights</name>
      <Placemark>
        <name>Point 1</name>
        <styleUrl>#icon-seq2-0-0-000000-nodesc</styleUrl>
        <Point>
          <coordinates>
            10.9718174,45.3849691,0
          </coordinates>
        </Point>
      </Placemark>
    </Folder>
    <Folder>
      <name>Ways</name>
      <Placemark>
        <name>Line 1</name>
        <styleUrl>#line-000000-1200-nodesc</styleUrl>
        <LineString>
          <tessellate>1</tessellate>
          <coordinates>
            10.972783,45.3851876,0
            10.972504,45.3851857,0
          </coordinates>
        </LineString>
      </Placemark>
      <Placemark>
        <name>Line 2</name>
        <styleUrl>#line-000000-1200-nodesc</styleUrl>
        <LineString>
          <tessellate>1</tessellate>
          <coordinates>
            10.972504,45.3851857,0
            10.972323,45.3851923,0
            10.972394,45.3853129,0
          </coordinates>
        </LineString>
      </Placemark>
      <Placemark>
        <name>Line 3</name>
        <styleUrl>#line-000000-1200-nodesc</styleUrl>
        <LineString>
          <tessellate>1</tessellate>
          <coordinates>
            10.972504,45.3851857,0
            10.972209,45.3851217,0
            10.9708518,45.3853647,0
          </coordinates>
        </LineString>
      </Placemark>
    </Folder>
  </Document>
</kml>
