<?xml version="1.0" encoding="UTF-8"?>
<kml xmlns="http://www.opengis.net/kml/2.2">
  <Document>
    <name>test-7</name>
    <description/>
    <Style id="line-000000-1200-nodesc-normal">
      <LineStyle>
        <color>ff000000</color>
        <width>1.2</width>
      </LineStyle>
      <BalloonStyle>
        <text><![CDATA[<h3>$[name]</h3>]]></text>
      </BalloonStyle>
    </Style>
    <Style id="line-000000-1200-nodesc-highlight">
      <LineStyle>
        <color>ff000000</color>
        <width>1.8</width>
      </LineStyle>
      <BalloonStyle>
        <text><![CDATA[<h3>$[name]</h3>]]></text>
      </BalloonStyle>
    </Style>
    <StyleMap id="line-000000-1200-nodesc">
      <Pair>
        <key>normal</key>
        <styleUrl>#line-000000-1200-nodesc-normal</styleUrl>
      </Pair>
      <Pair>
        <key>highlight</key>
        <styleUrl>#line-000000-1200-nodesc-highlight</styleUrl>
      </Pair>
    </StyleMap>
    <Folder>
      <name>0</name>
      <Placemark>
        <name>0</name>
        <styleUrl>#line-000000-1200-nodesc</styleUrl>
        <LineString>
          <tessellate>1</tessellate>
          <coordinates>
            10.9765863,45.4048757,0
            10.9765756,45.4057569,0
          </coordinates>
        </LineString>
      </Placemark>
      <Placemark>
        <name>1</name>
        <styleUrl>#line-000000-1200-nodesc</styleUrl>
        <LineString>
          <tessellate>1</tessellate>
          <coordinates>
            10.9765756,45.4057569,0
            10.9765756,45.4080167,0
          </coordinates>
        </LineString>
      </Placemark>
      <Placemark>
        <name>2</name>
        <styleUrl>#line-000000-1200-nodesc</styleUrl>
        <LineString>
          <tessellate>1</tessellate>
          <coordinates>
            10.9765756,45.4057569,0
            10.9793705,45.4069282,0
          </coordinates>
        </LineString>
      </Placemark>
      <Placemark>
        <name>3</name>
        <styleUrl>#line-000000-1200-nodesc</styleUrl>
        <LineString>
          <tessellate>1</tessellate>
          <coordinates>
            10.9793705,45.4069282,0
            10.9765756,45.4080167,0
          </coordinates>
        </LineString>
      </Placemark>
      <Placemark>
        <name>4</name>
        <styleUrl>#line-000000-1200-nodesc</styleUrl>
        <LineString>
          <tessellate>1</tessellate>
          <coordinates>
            10.9765756,45.4080167,0
            10.9765219,45.4102462,0
          </coordinates>
        </LineString>
      </Placemark>
      <Placemark>
        <name>5</name>
        <styleUrl>#line-000000-1200-nodesc</styleUrl>
        <LineString>
          <tessellate>1</tessellate>
          <coordinates>
            10.9739363,45.407045,0
            10.9765756,45.4057569,0
          </coordinates>
        </LineString>
      </Placemark>
      <Placemark>
        <name>6</name>
        <styleUrl>#line-000000-1200-nodesc</styleUrl>
        <LineString>
          <tessellate>1</tessellate>
          <coordinates>
            10.9739363,45.407045,0
            10.9739363,45.4080468,0
          </coordinates>
        </LineString>
      </Placemark>
      <Placemark>
        <name>7</name>
        <styleUrl>#line-000000-1200-nodesc</styleUrl>
        <LineString>
          <tessellate>1</tessellate>
          <coordinates>
            10.9765756,45.4080167,0
            10.9739363,45.4080468,0
          </coordinates>
        </LineString>
      </Placemark>
      <Placemark>
        <name>8</name>
        <styleUrl>#line-000000-1200-nodesc</styleUrl>
        <LineString>
          <tessellate>1</tessellate>
          <coordinates>
            10.9765756,45.4080167,0
            10.9793543,45.4092294,0
          </coordinates>
        </LineString>
      </Placemark>
      <Placemark>
        <name>9</name>
        <styleUrl>#line-000000-1200-nodesc</styleUrl>
        <LineString>
          <tessellate>1</tessellate>
          <coordinates>
            10.9793543,45.4092294,0
            10.9793705,45.4069282,0
          </coordinates>
        </LineString>
      </Placemark>
      <Placemark>
        <name>10</name>
        <styleUrl>#line-000000-1200-nodesc</styleUrl>
        <LineString>
          <tessellate>1</tessellate>
          <coordinates>
            10.9793543,45.4092294,0
            10.9765219,45.4102462,0
          </coordinates>
        </LineString>
      </Placemark>
      <Placemark>
        <name>11</name>
        <styleUrl>#line-000000-1200-nodesc</styleUrl>
        <LineString>
          <tessellate>1</tessellate>
          <coordinates>
            10.9793543,45.4092294,0
            10.9804701,45.409734,0
          </coordinates>
        </LineString>
      </Placemark>
      <Placemark>
        <name>12</name>
        <styleUrl>#line-000000-1200-nodesc</styleUrl>
        <LineString>
          <tessellate>1</tessellate>
          <coordinates>
            10.9739363,45.4080468,0
            10.9765219,45.4102462,0
          </coordinates>
        </LineString>
      </Placemark>
      <Placemark>
        <name>13</name>
        <styleUrl>#line-000000-1200-nodesc</styleUrl>
        <LineString>
          <tessellate>1</tessellate>
          <coordinates>
            10.9739363,45.4080468,0
            10.9726167,45.4080769,0
          </coordinates>
        </LineString>
      </Placemark>
      <Placemark>
        <name>14</name>
        <styleUrl>#line-000000-1200-nodesc</styleUrl>
        <LineString>
          <tessellate>1</tessellate>
          <coordinates>
            10.9728313,45.4064951,0
            10.9739363,45.407045,0
          </coordinates>
        </LineString>
      </Placemark>
      <Placemark>
        <name>15</name>
        <styleUrl>#line-000000-1200-nodesc</styleUrl>
        <LineString>
          <tessellate>1</tessellate>
          <coordinates>
            10.9805131,45.4064952,0
            10.9793705,45.4069282,0
          </coordinates>
        </LineString>
      </Placemark>
      <Placemark>
        <name>16</name>
        <styleUrl>#line-000000-1200-nodesc</styleUrl>
        <LineString>
          <tessellate>1</tessellate>
          <coordinates>
            10.9765219,45.4102462,0
            10.9765112,45.4112103,0
          </coordinates>
        </LineString>
      </Placemark>
    </Folder>
  </Document>
</kml>
