<?xml version="1.0" encoding="UTF-8"?>
<kml xmlns="http://www.opengis.net/kml/2.2">
  <Document>
    <name>test-5</name>
    <description/>
    <Style id="line-000000-1200-nodesc-normal">
      <LineStyle>
        <color>ff000000</color>
        <width>1.2</width>
      </LineStyle>
      <BalloonStyle>
        <text><![CDATA[<h3>$[name]</h3>]]></text>
      </BalloonStyle>
    </Style>
    <Style id="line-000000-1200-nodesc-highlight">
      <LineStyle>
        <color>ff000000</color>
        <width>1.8</width>
      </LineStyle>
      <BalloonStyle>
        <text><![CDATA[<h3>$[name]</h3>]]></text>
      </BalloonStyle>
    </Style>
    <StyleMap id="line-000000-1200-nodesc">
      <Pair>
        <key>normal</key>
        <styleUrl>#line-000000-1200-nodesc-normal</styleUrl>
      </Pair>
      <Pair>
        <key>highlight</key>
        <styleUrl>#line-000000-1200-nodesc-highlight</styleUrl>
      </Pair>
    </StyleMap>
    <Folder>
      <name>0</name>
      <Placemark>
        <name>1</name>
        <styleUrl>#line-000000-1200-nodesc</styleUrl>
        <LineString>
          <tessellate>1</tessellate>
          <coordinates>
            10.9756637,45.408672,0
            10.9775976,45.4086814,0
          </coordinates>
        </LineString>
      </Placemark>
      <Placemark>
        <name>0</name>
        <styleUrl>#line-000000-1200-nodesc</styleUrl>
        <LineString>
          <tessellate>1</tessellate>
          <coordinates>
            10.9756637,45.40732,0
            10.9756637,45.408672,0
          </coordinates>
        </LineString>
      </Placemark>
      <Placemark>
        <name>2</name>
        <styleUrl>#line-000000-1200-nodesc</styleUrl>
        <LineString>
          <tessellate>1</tessellate>
          <coordinates>
            10.9756637,45.40732,0
            10.9775868,45.4073245,0
          </coordinates>
        </LineString>
      </Placemark>
      <Placemark>
        <name>3</name>
        <styleUrl>#line-000000-1200-nodesc</styleUrl>
        <LineString>
          <tessellate>1</tessellate>
          <coordinates>
            10.9775868,45.4073245,0
            10.9775976,45.4086814,0
          </coordinates>
        </LineString>
      </Placemark>
      <Placemark>
        <name>4</name>
        <styleUrl>#line-000000-1200-nodesc</styleUrl>
        <LineString>
          <tessellate>1</tessellate>
          <coordinates>
            10.9752292,45.4069998,0
            10.9756637,45.40732,0
          </coordinates>
        </LineString>
      </Placemark>
      <Placemark>
        <name>5</name>
        <styleUrl>#line-000000-1200-nodesc</styleUrl>
        <LineString>
          <tessellate>1</tessellate>
          <coordinates>
            10.9775976,45.4086814,0
            10.9780616,45.4090222,0
          </coordinates>
        </LineString>
      </Placemark>
    </Folder>
  </Document>
</kml>
